<?xml version="1.0" encoding="UTF-8"?>
<testng-results ignored="0" total="1" passed="1" failed="0" skipped="0">
  <reporter-output>
  </reporter-output>
  <suite started-at="2024-03-26T19:27:58 IST" name="Default suite" finished-at="2024-03-26T19:28:05 IST" duration-ms="7511">
    <groups>
    </groups>
    <test started-at="2024-03-26T19:27:58 IST" name="Default test" finished-at="2024-03-26T19:28:05 IST" duration-ms="7511">
      <class name="Apptest">
        <test-method signature="runTest()[pri:0, instance:null(Apptest)]" started-at="2024-03-26T19:27:58 IST" name="runTest" finished-at="2024-03-26T19:28:05 IST" duration-ms="7455" status="PASS">
          <reporter-output>
          </reporter-output>
        </test-method> <!-- runTest -->
      </class> <!-- Apptest -->
    </test> <!-- Default test -->
  </suite> <!-- Default suite -->
</testng-results>
